<?xml version="1.0" encoding="UTF-8"?>
<!-- Generated by org.testng.reporters.JUnitReportReporter -->
<testsuite hostname="dahskad" failures="0" tests="1" name="E2EredBus2.E2Eclass" time="24.736" errors="0" timestamp="2025-07-08T12:55:16 IST" skipped="0">
  <testcase classname="E2EredBus2.E2Eclass" name="busTicketBooking" time="24.736"/>
</testsuite> <!-- E2EredBus2.E2Eclass -->
